This file contains any messages produced by compilers while
running configure, to aid debugging if configure makes a mistake.

It was created by false configure 0.1, which was
generated by GNU Autoconf 2.69.  Invocation command line was

  $ ./configure 

## --------- ##
## Platform. ##
## --------- ##

hostname = zemakuziya-System-Product-Name
uname -m = x86_64
uname -r = 3.16.0-59-generic
uname -s = Linux
uname -v = #79~14.04.1-Ubuntu SMP Mon Jan 18 15:41:27 UTC 2016

/usr/bin/uname -p = unknown
/bin/uname -X     = unknown

/bin/arch              = unknown
/usr/bin/arch -k       = unknown
/usr/convex/getsysinfo = unknown
/usr/bin/hostinfo      = unknown
/bin/machine           = unknown
/usr/bin/oslevel       = unknown
/bin/universe          = unknown

PATH: /usr/local/sbin
PATH: /usr/local/bin
PATH: /usr/sbin
PATH: /usr/bin
PATH: /sbin
PATH: /bin


## ----------- ##
## Core tests. ##
## ----------- ##

configure:2113: checking for a BSD-compatible install
configure:2181: result: /usr/bin/install -c
configure:2192: checking whether build environment is sane
configure:2247: result: yes
configure:2398: checking for a thread-safe mkdir -p
configure:2437: result: /bin/mkdir -p
configure:2444: checking for gawk
configure:2474: result: no
configure:2444: checking for mawk
configure:2460: found /usr/bin/mawk
configure:2471: result: mawk
configure:2482: checking whether make sets $(MAKE)
configure:2504: result: yes
configure:2533: checking whether make supports nested variables
configure:2550: result: yes
configure:2723: checking for gcc
configure:2739: found /usr/bin/gcc
configure:2750: result: gcc
configure:2979: checking for C compiler version
configure:2988: gcc --version >&5
gcc (Ubuntu 4.8.4-2ubuntu1~14.04) 4.8.4
Copyright (C) 2013 Free Software Foundation, Inc.
This is free software; see the source for copying conditions.  There is NO
warranty; not even for MERCHANTABILITY or FITNESS FOR A PARTICULAR PURPOSE.

configure:2999: $? = 0
configure:2988: gcc -v >&5
Using built-in specs.
COLLECT_GCC=gcc
COLLECT_LTO_WRAPPER=/usr/lib/gcc/x86_64-linux-gnu/4.8/lto-wrapper
Target: x86_64-linux-gnu
Configured with: ../src/configure -v --with-pkgversion='Ubuntu 4.8.4-2ubuntu1~14.04' --with-bugurl=file:///usr/share/doc/gcc-4.8/README.Bugs --enable-languages=c,c++,java,go,d,fortran,objc,obj-c++ --prefix=/usr --program-suffix=-4.8 --enable-shared --enable-linker-build-id --libexecdir=/usr/lib --without-included-gettext --enable-threads=posix --with-gxx-include-dir=/usr/include/c++/4.8 --libdir=/usr/lib --enable-nls --with-sysroot=/ --enable-clocale=gnu --enable-libstdcxx-debug --enable-libstdcxx-time=yes --enable-gnu-unique-object --disable-libmudflap --enable-plugin --with-system-zlib --disable-browser-plugin --enable-java-awt=gtk --enable-gtk-cairo --with-java-home=/usr/lib/jvm/java-1.5.0-gcj-4.8-amd64/jre --enable-java-home --with-jvm-root-dir=/usr/lib/jvm/java-1.5.0-gcj-4.8-amd64 --with-jvm-jar-dir=/usr/lib/jvm-exports/java-1.5.0-gcj-4.8-amd64 --with-arch-directory=amd64 --with-ecj-jar=/usr/share/java/eclipse-ecj.jar --enable-objc-gc --enable-multiarch --disable-werror --with-arch-32=i686 --with-abi=m64 --with-multilib-list=m32,m64,mx32 --with-tune=generic --enable-checking=release --build=x86_64-linux-gnu --host=x86_64-linux-gnu --target=x86_64-linux-gnu
Thread model: posix
gcc version 4.8.4 (Ubuntu 4.8.4-2ubuntu1~14.04) 
configure:2999: $? = 0
configure:2988: gcc -V >&5
gcc: error: unrecognized command line option '-V'
gcc: fatal error: no input files
compilation terminated.
configure:2999: $? = 4
configure:2988: gcc -qversion >&5
gcc: error: unrecognized command line option '-qversion'
gcc: fatal error: no input files
compilation terminated.
configure:2999: $? = 4
configure:3019: checking whether the C compiler works
configure:3041: gcc    conftest.c  >&5
configure:3045: $? = 0
configure:3093: result: yes
configure:3096: checking for C compiler default output file name
configure:3098: result: a.out
configure:3104: checking for suffix of executables
configure:3111: gcc -o conftest    conftest.c  >&5
configure:3115: $? = 0
configure:3137: result: 
configure:3159: checking whether we are cross compiling
configure:3167: gcc -o conftest    conftest.c  >&5
configure:3171: $? = 0
configure:3178: ./conftest
configure:3182: $? = 0
configure:3197: result: no
configure:3202: checking for suffix of object files
configure:3224: gcc -c   conftest.c >&5
configure:3228: $? = 0
configure:3249: result: o
configure:3253: checking whether we are using the GNU C compiler
configure:3272: gcc -c   conftest.c >&5
configure:3272: $? = 0
configure:3281: result: yes
configure:3290: checking whether gcc accepts -g
configure:3310: gcc -c -g  conftest.c >&5
configure:3310: $? = 0
configure:3351: result: yes
configure:3368: checking for gcc option to accept ISO C89
configure:3431: gcc  -c -g -O2  conftest.c >&5
configure:3431: $? = 0
configure:3444: result: none needed
configure:3469: checking whether gcc understands -c and -o together
configure:3491: gcc -c conftest.c -o conftest2.o
configure:3494: $? = 0
configure:3491: gcc -c conftest.c -o conftest2.o
configure:3494: $? = 0
configure:3506: result: yes
configure:3534: checking for style of include used by make
configure:3562: result: GNU
configure:3588: checking dependency style of gcc
configure:3699: result: none
configure:3722: checking how to run the C preprocessor
configure:3753: gcc -E  conftest.c
configure:3753: $? = 0
configure:3767: gcc -E  conftest.c
conftest.c:11:28: fatal error: ac_nonexistent.h: No such file or directory
 #include <ac_nonexistent.h>
                            ^
compilation terminated.
configure:3767: $? = 1
configure: failed program was:
| /* confdefs.h */
| #define PACKAGE_NAME "false"
| #define PACKAGE_TARNAME "false"
| #define PACKAGE_VERSION "0.1"
| #define PACKAGE_STRING "false 0.1"
| #define PACKAGE_BUGREPORT ""
| #define PACKAGE_URL ""
| #define PACKAGE "false"
| #define VERSION "0.1"
| /* end confdefs.h.  */
| #include <ac_nonexistent.h>
configure:3792: result: gcc -E
configure:3812: gcc -E  conftest.c
configure:3812: $? = 0
configure:3826: gcc -E  conftest.c
conftest.c:11:28: fatal error: ac_nonexistent.h: No such file or directory
 #include <ac_nonexistent.h>
                            ^
compilation terminated.
configure:3826: $? = 1
configure: failed program was:
| /* confdefs.h */
| #define PACKAGE_NAME "false"
| #define PACKAGE_TARNAME "false"
| #define PACKAGE_VERSION "0.1"
| #define PACKAGE_STRING "false 0.1"
| #define PACKAGE_BUGREPORT ""
| #define PACKAGE_URL ""
| #define PACKAGE "false"
| #define VERSION "0.1"
| /* end confdefs.h.  */
| #include <ac_nonexistent.h>
configure:3855: checking for grep that handles long lines and -e
configure:3913: result: /bin/grep
configure:3918: checking for egrep
configure:3980: result: /bin/grep -E
configure:3985: checking for ANSI C header files
configure:4005: gcc -c -g -O2  conftest.c >&5
configure:4005: $? = 0
configure:4078: gcc -o conftest -g -O2   conftest.c  >&5
configure:4078: $? = 0
configure:4078: ./conftest
configure:4078: $? = 0
configure:4089: result: yes
configure:4102: checking for sys/types.h
configure:4102: gcc -c -g -O2  conftest.c >&5
configure:4102: $? = 0
configure:4102: result: yes
configure:4102: checking for sys/stat.h
configure:4102: gcc -c -g -O2  conftest.c >&5
configure:4102: $? = 0
configure:4102: result: yes
configure:4102: checking for stdlib.h
configure:4102: gcc -c -g -O2  conftest.c >&5
configure:4102: $? = 0
configure:4102: result: yes
configure:4102: checking for string.h
configure:4102: gcc -c -g -O2  conftest.c >&5
configure:4102: $? = 0
configure:4102: result: yes
configure:4102: checking for memory.h
configure:4102: gcc -c -g -O2  conftest.c >&5
configure:4102: $? = 0
configure:4102: result: yes
configure:4102: checking for strings.h
configure:4102: gcc -c -g -O2  conftest.c >&5
configure:4102: $? = 0
configure:4102: result: yes
configure:4102: checking for inttypes.h
configure:4102: gcc -c -g -O2  conftest.c >&5
configure:4102: $? = 0
configure:4102: result: yes
configure:4102: checking for stdint.h
configure:4102: gcc -c -g -O2  conftest.c >&5
configure:4102: $? = 0
configure:4102: result: yes
configure:4102: checking for unistd.h
configure:4102: gcc -c -g -O2  conftest.c >&5
configure:4102: $? = 0
configure:4102: result: yes
configure:4116: checking stdio.h usability
configure:4116: gcc -c -g -O2  conftest.c >&5
configure:4116: $? = 0
configure:4116: result: yes
configure:4116: checking stdio.h presence
configure:4116: gcc -E  conftest.c
configure:4116: $? = 0
configure:4116: result: yes
configure:4116: checking for stdio.h
configure:4116: result: yes
configure:4128: checking sys/types usability
configure:4128: gcc -c -g -O2  conftest.c >&5
conftest.c:55:21: fatal error: sys/types: No such file or directory
 #include <sys/types>
                     ^
compilation terminated.
configure:4128: $? = 1
configure: failed program was:
| /* confdefs.h */
| #define PACKAGE_NAME "false"
| #define PACKAGE_TARNAME "false"
| #define PACKAGE_VERSION "0.1"
| #define PACKAGE_STRING "false 0.1"
| #define PACKAGE_BUGREPORT ""
| #define PACKAGE_URL ""
| #define PACKAGE "false"
| #define VERSION "0.1"
| #define STDC_HEADERS 1
| #define HAVE_SYS_TYPES_H 1
| #define HAVE_SYS_STAT_H 1
| #define HAVE_STDLIB_H 1
| #define HAVE_STRING_H 1
| #define HAVE_MEMORY_H 1
| #define HAVE_STRINGS_H 1
| #define HAVE_INTTYPES_H 1
| #define HAVE_STDINT_H 1
| #define HAVE_UNISTD_H 1
| #define HAVE_STDIO_H 1
| /* end confdefs.h.  */
| #include <stdio.h>
| #ifdef HAVE_SYS_TYPES_H
| # include <sys/types.h>
| #endif
| #ifdef HAVE_SYS_STAT_H
| # include <sys/stat.h>
| #endif
| #ifdef STDC_HEADERS
| # include <stdlib.h>
| # include <stddef.h>
| #else
| # ifdef HAVE_STDLIB_H
| #  include <stdlib.h>
| # endif
| #endif
| #ifdef HAVE_STRING_H
| # if !defined STDC_HEADERS && defined HAVE_MEMORY_H
| #  include <memory.h>
| # endif
| # include <string.h>
| #endif
| #ifdef HAVE_STRINGS_H
| # include <strings.h>
| #endif
| #ifdef HAVE_INTTYPES_H
| # include <inttypes.h>
| #endif
| #ifdef HAVE_STDINT_H
| # include <stdint.h>
| #endif
| #ifdef HAVE_UNISTD_H
| # include <unistd.h>
| #endif
| #include <sys/types>
configure:4128: result: no
configure:4128: checking sys/types presence
configure:4128: gcc -E  conftest.c
conftest.c:22:21: fatal error: sys/types: No such file or directory
 #include <sys/types>
                     ^
compilation terminated.
configure:4128: $? = 1
configure: failed program was:
| /* confdefs.h */
| #define PACKAGE_NAME "false"
| #define PACKAGE_TARNAME "false"
| #define PACKAGE_VERSION "0.1"
| #define PACKAGE_STRING "false 0.1"
| #define PACKAGE_BUGREPORT ""
| #define PACKAGE_URL ""
| #define PACKAGE "false"
| #define VERSION "0.1"
| #define STDC_HEADERS 1
| #define HAVE_SYS_TYPES_H 1
| #define HAVE_SYS_STAT_H 1
| #define HAVE_STDLIB_H 1
| #define HAVE_STRING_H 1
| #define HAVE_MEMORY_H 1
| #define HAVE_STRINGS_H 1
| #define HAVE_INTTYPES_H 1
| #define HAVE_STDINT_H 1
| #define HAVE_UNISTD_H 1
| #define HAVE_STDIO_H 1
| /* end confdefs.h.  */
| #include <sys/types>
configure:4128: result: no
configure:4128: checking for sys/types
configure:4128: result: no
configure:4140: checking getopt.h usability
configure:4140: gcc -c -g -O2  conftest.c >&5
configure:4140: $? = 0
configure:4140: result: yes
configure:4140: checking getopt.h presence
configure:4140: gcc -E  conftest.c
configure:4140: $? = 0
configure:4140: result: yes
configure:4140: checking for getopt.h
configure:4140: result: yes
configure:4152: checking for unistd.h
configure:4152: result: yes
configure:4164: checking pwd.h usability
configure:4164: gcc -c -g -O2  conftest.c >&5
configure:4164: $? = 0
configure:4164: result: yes
configure:4164: checking pwd.h presence
configure:4164: gcc -E  conftest.c
configure:4164: $? = 0
configure:4164: result: yes
configure:4164: checking for pwd.h
configure:4164: result: yes
configure:4174: checking for printf in -lc
configure:4199: gcc -o conftest -g -O2   conftest.c -lc   >&5
conftest.c:32:6: warning: conflicting types for built-in function 'printf' [enabled by default]
 char printf ();
      ^
configure:4199: $? = 0
configure:4208: result: yes
configure:4364: checking that generated files are newer than configure
configure:4370: result: done
configure:4393: creating ./config.status

## ---------------------- ##
## Running config.status. ##
## ---------------------- ##

This file was extended by false config.status 0.1, which was
generated by GNU Autoconf 2.69.  Invocation command line was

  CONFIG_FILES    = 
  CONFIG_HEADERS  = 
  CONFIG_LINKS    = 
  CONFIG_COMMANDS = 
  $ ./config.status 

on zemakuziya-System-Product-Name

config.status:777: creating Makefile
config.status:949: executing depfiles commands

## ---------------- ##
## Cache variables. ##
## ---------------- ##

ac_cv_c_compiler_gnu=yes
ac_cv_env_CC_set=
ac_cv_env_CC_value=
ac_cv_env_CFLAGS_set=
ac_cv_env_CFLAGS_value=
ac_cv_env_CPPFLAGS_set=
ac_cv_env_CPPFLAGS_value=
ac_cv_env_CPP_set=
ac_cv_env_CPP_value=
ac_cv_env_LDFLAGS_set=
ac_cv_env_LDFLAGS_value=
ac_cv_env_LIBS_set=
ac_cv_env_LIBS_value=
ac_cv_env_build_alias_set=
ac_cv_env_build_alias_value=
ac_cv_env_host_alias_set=
ac_cv_env_host_alias_value=
ac_cv_env_target_alias_set=
ac_cv_env_target_alias_value=
ac_cv_header_getopt_h=yes
ac_cv_header_inttypes_h=yes
ac_cv_header_memory_h=yes
ac_cv_header_pwd_h=yes
ac_cv_header_stdc=yes
ac_cv_header_stdint_h=yes
ac_cv_header_stdio_h=yes
ac_cv_header_stdlib_h=yes
ac_cv_header_string_h=yes
ac_cv_header_strings_h=yes
ac_cv_header_sys_stat_h=yes
ac_cv_header_sys_types=no
ac_cv_header_sys_types_h=yes
ac_cv_header_unistd_h=yes
ac_cv_lib_c_printf=yes
ac_cv_objext=o
ac_cv_path_EGREP='/bin/grep -E'
ac_cv_path_GREP=/bin/grep
ac_cv_path_install='/usr/bin/install -c'
ac_cv_path_mkdir=/bin/mkdir
ac_cv_prog_AWK=mawk
ac_cv_prog_CPP='gcc -E'
ac_cv_prog_ac_ct_CC=gcc
ac_cv_prog_cc_c89=
ac_cv_prog_cc_g=yes
ac_cv_prog_make_make_set=yes
am_cv_CC_dependencies_compiler_type=none
am_cv_make_support_nested_variables=yes
am_cv_prog_cc_c_o=yes

## ----------------- ##
## Output variables. ##
## ----------------- ##

ACLOCAL='${SHELL} /home/zemakuziya/HelloWorld/missing aclocal-1.14'
AMDEPBACKSLASH='\'
AMDEP_FALSE='#'
AMDEP_TRUE=''
AMTAR='$${TAR-tar}'
AM_BACKSLASH='\'
AM_DEFAULT_V='$(AM_DEFAULT_VERBOSITY)'
AM_DEFAULT_VERBOSITY='1'
AM_V='$(V)'
AUTOCONF='${SHELL} /home/zemakuziya/HelloWorld/missing autoconf'
AUTOHEADER='${SHELL} /home/zemakuziya/HelloWorld/missing autoheader'
AUTOMAKE='${SHELL} /home/zemakuziya/HelloWorld/missing automake-1.14'
AWK='mawk'
CC='gcc'
CCDEPMODE='depmode=none'
CFLAGS='-g -O2'
CPP='gcc -E'
CPPFLAGS=''
CYGPATH_W='echo'
DEFS='-DPACKAGE_NAME=\"false\" -DPACKAGE_TARNAME=\"false\" -DPACKAGE_VERSION=\"0.1\" -DPACKAGE_STRING=\"false\ 0.1\" -DPACKAGE_BUGREPORT=\"\" -DPACKAGE_URL=\"\" -DPACKAGE=\"false\" -DVERSION=\"0.1\" -DSTDC_HEADERS=1 -DHAVE_SYS_TYPES_H=1 -DHAVE_SYS_STAT_H=1 -DHAVE_STDLIB_H=1 -DHAVE_STRING_H=1 -DHAVE_MEMORY_H=1 -DHAVE_STRINGS_H=1 -DHAVE_INTTYPES_H=1 -DHAVE_STDINT_H=1 -DHAVE_UNISTD_H=1 -DHAVE_STDIO_H=1 -DHAVE_GETOPT_H=1 -DHAVE_UNISTD_H=1 -DHAVE_PWD_H=1 -DHAVE_LIBC=1'
DEPDIR='.deps'
ECHO_C=''
ECHO_N='-n'
ECHO_T=''
EGREP='/bin/grep -E'
EXEEXT=''
GREP='/bin/grep'
INSTALL_DATA='${INSTALL} -m 644'
INSTALL_PROGRAM='${INSTALL}'
INSTALL_SCRIPT='${INSTALL}'
INSTALL_STRIP_PROGRAM='$(install_sh) -c -s'
LDFLAGS=''
LIBOBJS=''
LIBS='-lc '
LTLIBOBJS=''
MAKEINFO='${SHELL} /home/zemakuziya/HelloWorld/missing makeinfo'
MKDIR_P='/bin/mkdir -p'
OBJEXT='o'
PACKAGE='false'
PACKAGE_BUGREPORT=''
PACKAGE_NAME='false'
PACKAGE_STRING='false 0.1'
PACKAGE_TARNAME='false'
PACKAGE_URL=''
PACKAGE_VERSION='0.1'
PATH_SEPARATOR=':'
SET_MAKE=''
SHELL='/bin/bash'
STRIP=''
VERSION='0.1'
ac_ct_CC='gcc'
am__EXEEXT_FALSE=''
am__EXEEXT_TRUE='#'
am__fastdepCC_FALSE=''
am__fastdepCC_TRUE='#'
am__include='include'
am__isrc=''
am__leading_dot='.'
am__nodep='_no'
am__quote=''
am__tar='$${TAR-tar} chof - "$$tardir"'
am__untar='$${TAR-tar} xf -'
bindir='${exec_prefix}/bin'
build_alias=''
datadir='${datarootdir}'
datarootdir='${prefix}/share'
docdir='${datarootdir}/doc/${PACKAGE_TARNAME}'
dvidir='${docdir}'
exec_prefix='${prefix}'
host_alias=''
htmldir='${docdir}'
includedir='${prefix}/include'
infodir='${datarootdir}/info'
install_sh='${SHELL} /home/zemakuziya/HelloWorld/install-sh'
libdir='${exec_prefix}/lib'
libexecdir='${exec_prefix}/libexec'
localedir='${datarootdir}/locale'
localstatedir='${prefix}/var'
mandir='${datarootdir}/man'
mkdir_p='$(MKDIR_P)'
oldincludedir='/usr/include'
pdfdir='${docdir}'
prefix='/usr/local'
program_transform_name='s,x,x,'
psdir='${docdir}'
sbindir='${exec_prefix}/sbin'
sharedstatedir='${prefix}/com'
sysconfdir='${prefix}/etc'
target_alias=''

## ----------- ##
## confdefs.h. ##
## ----------- ##

/* confdefs.h */
#define PACKAGE_NAME "false"
#define PACKAGE_TARNAME "false"
#define PACKAGE_VERSION "0.1"
#define PACKAGE_STRING "false 0.1"
#define PACKAGE_BUGREPORT ""
#define PACKAGE_URL ""
#define PACKAGE "false"
#define VERSION "0.1"
#define STDC_HEADERS 1
#define HAVE_SYS_TYPES_H 1
#define HAVE_SYS_STAT_H 1
#define HAVE_STDLIB_H 1
#define HAVE_STRING_H 1
#define HAVE_MEMORY_H 1
#define HAVE_STRINGS_H 1
#define HAVE_INTTYPES_H 1
#define HAVE_STDINT_H 1
#define HAVE_UNISTD_H 1
#define HAVE_STDIO_H 1
#define HAVE_GETOPT_H 1
#define HAVE_UNISTD_H 1
#define HAVE_PWD_H 1
#define HAVE_LIBC 1

configure: exit 0
